<?xml version="1.0" encoding="UTF-8"?>
<!-- Generated by org.testng.reporters.JUnitXMLReporter -->
<testsuite ignored="0" hostname="LAPTOP-VR2BVJGM" failures="0" tests="6" name="Default test" time="19.501" errors="0" timestamp="2024-06-08T16:27:26 IST">
  <testcase classname="api.testCases.TC_02_DDTests" name="testPostUser" time="5.824"/>
  <testcase classname="api.testCases.TC_02_DDTests" name="testPostUser" time="1.331"/>
  <testcase classname="api.testCases.TC_02_DDTests" name="testPostUser" time="1.258"/>
  <testcase classname="api.testCases.TC_02_DDTests" name="testDeleteUSer" time="1.249"/>
  <testcase classname="api.testCases.TC_02_DDTests" name="testDeleteUSer" time="1.238"/>
  <testcase classname="api.testCases.TC_02_DDTests" name="testDeleteUSer" time="1.234"/>
</testsuite> <!-- Default test -->
