<?xml version="1.0" encoding="UTF-8"?>
<!-- Generated by org.testng.reporters.JUnitXMLReporter -->
<testsuite ignored="0" hostname="LAPTOP-VR2BVJGM" failures="0" tests="6" name="Default test" time="13.557" errors="0" timestamp="2024-06-05T18:14:55 IST">
  <testcase classname="api.testCases.TC_02_DDTests" name="testPostUser" time="4.914"/>
  <testcase classname="api.testCases.TC_02_DDTests" name="testPostUser" time="1.229"/>
  <testcase classname="api.testCases.TC_02_DDTests" name="testPostUser" time="1.238"/>
  <testcase classname="api.testCases.TC_02_DDTests" name="testDeleteUSer" time="1.202"/>
  <testcase classname="api.testCases.TC_02_DDTests" name="testDeleteUSer" time="1.175"/>
  <testcase classname="api.testCases.TC_02_DDTests" name="testDeleteUSer" time="1.172"/>
</testsuite> <!-- Default test -->
