<?xml version="1.0" encoding="UTF-8"?>
<!-- Generated by org.testng.reporters.JUnitXMLReporter -->
<testsuite ignored="0" hostname="LAPTOP-VR2BVJGM" failures="0" tests="10" name="Test" time="18.514" errors="0" timestamp="2024-06-05T18:21:50 IST">
  <testcase classname="api.testCases.TC_01_UserTests" name="testPostUser" time="4.971"/>
  <testcase classname="api.testCases.TC_01_UserTests" name="testGetUserDetails" time="1.271"/>
  <testcase classname="api.testCases.TC_01_UserTests" name="testUpdateUser" time="1.183"/>
  <testcase classname="api.testCases.TC_01_UserTests" name="testDeleteUserDetails" time="1.198"/>
  <testcase classname="api.testCases.TC_02_DDTests" name="testPostUser" time="1.138"/>
  <testcase classname="api.testCases.TC_02_DDTests" name="testPostUser" time="1.158"/>
  <testcase classname="api.testCases.TC_02_DDTests" name="testPostUser" time="1.233"/>
  <testcase classname="api.testCases.TC_02_DDTests" name="testDeleteUSer" time="1.273"/>
  <testcase classname="api.testCases.TC_02_DDTests" name="testDeleteUSer" time="1.225"/>
  <testcase classname="api.testCases.TC_02_DDTests" name="testDeleteUSer" time="1.215"/>
</testsuite> <!-- Test -->
