<?xml version="1.0" encoding="UTF-8"?>
<!-- Generated by org.testng.reporters.JUnitXMLReporter -->
<testsuite ignored="0" hostname="LAPTOP-VR2BVJGM" failures="0" tests="6" name="DDTest" time="12.174" errors="0" timestamp="2024-06-08T17:47:22 IST">
  <testcase classname="api.testCases.TC_02_DDTests" name="testPostUser" time="1.247"/>
  <testcase classname="api.testCases.TC_02_DDTests" name="testPostUser" time="1.26"/>
  <testcase classname="api.testCases.TC_02_DDTests" name="testPostUser" time="1.278"/>
  <testcase classname="api.testCases.TC_02_DDTests" name="testDeleteUSer" time="1.263"/>
  <testcase classname="api.testCases.TC_02_DDTests" name="testDeleteUSer" time="1.229"/>
  <testcase classname="api.testCases.TC_02_DDTests" name="testDeleteUSer" time="1.237"/>
</testsuite> <!-- DDTest -->
