<?xml version="1.0" encoding="UTF-8"?>
<!-- Generated by org.testng.reporters.JUnitXMLReporter -->
<testsuite ignored="0" hostname="LAPTOP-VR2BVJGM" failures="0" tests="4" name="Test" time="11.609" errors="0" timestamp="2024-06-08T17:47:09 IST">
  <testcase classname="api.testCases.TC_01_UserTests" name="testPostUser" time="7.148"/>
  <testcase classname="api.testCases.TC_01_UserTests" name="testGetUserDetails" time="1.616"/>
  <testcase classname="api.testCases.TC_01_UserTests" name="testUpdateUser" time="1.343"/>
  <testcase classname="api.testCases.TC_01_UserTests" name="testDeleteUserDetails" time="1.336"/>
</testsuite> <!-- Test -->
