<?xml version="1.0" encoding="UTF-8"?>
<testng-results ignored="0" total="10" passed="10" failed="0" skipped="0">
  <reporter-output>
  </reporter-output>
  <suite started-at="2024-06-08T17:46:57 IST" name="Suite" finished-at="2024-06-08T17:47:21 IST" duration-ms="24757">
    <groups>
    </groups>
    <test started-at="2024-06-08T17:46:57 IST" name="Test" finished-at="2024-06-08T17:47:08 IST" duration-ms="11609">
      <class name="api.testCases.TC_01_UserTests">
        <test-method signature="testPostUser()[pri:1, instance:api.testCases.TC_01_UserTests@768fc0f2]" started-at="2024-06-08T17:46:57 IST" name="testPostUser" finished-at="2024-06-08T17:47:04 IST" duration-ms="7148" status="PASS">
          <reporter-output>
          </reporter-output>
        </test-method> <!-- testPostUser -->
        <test-method signature="testGetUserDetails()[pri:2, instance:api.testCases.TC_01_UserTests@768fc0f2]" started-at="2024-06-08T17:47:04 IST" name="testGetUserDetails" finished-at="2024-06-08T17:47:06 IST" duration-ms="1616" status="PASS">
          <reporter-output>
          </reporter-output>
        </test-method> <!-- testGetUserDetails -->
        <test-method signature="testUpdateUser()[pri:3, instance:api.testCases.TC_01_UserTests@768fc0f2]" started-at="2024-06-08T17:47:06 IST" name="testUpdateUser" finished-at="2024-06-08T17:47:07 IST" duration-ms="1343" status="PASS">
          <reporter-output>
          </reporter-output>
        </test-method> <!-- testUpdateUser -->
        <test-method signature="testDeleteUserDetails()[pri:4, instance:api.testCases.TC_01_UserTests@768fc0f2]" started-at="2024-06-08T17:47:07 IST" name="testDeleteUserDetails" finished-at="2024-06-08T17:47:08 IST" duration-ms="1336" status="PASS">
          <reporter-output>
          </reporter-output>
        </test-method> <!-- testDeleteUserDetails -->
      </class> <!-- api.testCases.TC_01_UserTests -->
    </test> <!-- Test -->
    <test started-at="2024-06-08T17:47:09 IST" name="DDTest" finished-at="2024-06-08T17:47:21 IST" duration-ms="12174">
      <class name="api.testCases.TC_01_UserTests">
        <test-method is-config="true" signature="setupData()[pri:0, instance:api.testCases.TC_01_UserTests@768fc0f2]" started-at="2024-06-08T17:46:56 IST" name="setupData" finished-at="2024-06-08T17:46:57 IST" duration-ms="612" status="PASS">
          <reporter-output>
          </reporter-output>
        </test-method> <!-- setupData -->
      </class> <!-- api.testCases.TC_01_UserTests -->
      <class name="api.testCases.TC_02_DDTests">
        <test-method signature="testPostUser(java.lang.String,java.lang.String,java.lang.String,java.lang.String,java.lang.String,java.lang.String,java.lang.String)[pri:1, instance:api.testCases.TC_02_DDTests@d771cc9]" started-at="2024-06-08T17:47:14 IST" name="testPostUser" data-provider="data" finished-at="2024-06-08T17:47:15 IST" duration-ms="1247" status="PASS">
          <params>
            <param index="0">
              <value>
                <![CDATA[1010]]>
              </value>
            </param>
            <param index="1">
              <value>
                <![CDATA[testuser1]]>
              </value>
            </param>
            <param index="2">
              <value>
                <![CDATA[John]]>
              </value>
            </param>
            <param index="3">
              <value>
                <![CDATA[Candy]]>
              </value>
            </param>
            <param index="4">
              <value>
                <![CDATA[a@gmail.com]]>
              </value>
            </param>
            <param index="5">
              <value>
                <![CDATA[test@1]]>
              </value>
            </param>
            <param index="6">
              <value>
                <![CDATA[12345678]]>
              </value>
            </param>
          </params>
          <reporter-output>
          </reporter-output>
        </test-method> <!-- testPostUser -->
        <test-method signature="testPostUser(java.lang.String,java.lang.String,java.lang.String,java.lang.String,java.lang.String,java.lang.String,java.lang.String)[pri:1, instance:api.testCases.TC_02_DDTests@d771cc9]" started-at="2024-06-08T17:47:15 IST" name="testPostUser" data-provider="data" finished-at="2024-06-08T17:47:16 IST" duration-ms="1260" status="PASS">
          <params>
            <param index="0">
              <value>
                <![CDATA[1020]]>
              </value>
            </param>
            <param index="1">
              <value>
                <![CDATA[testuser2]]>
              </value>
            </param>
            <param index="2">
              <value>
                <![CDATA[Kim]]>
              </value>
            </param>
            <param index="3">
              <value>
                <![CDATA[Kom]]>
              </value>
            </param>
            <param index="4">
              <value>
                <![CDATA[ab@gmail.com]]>
              </value>
            </param>
            <param index="5">
              <value>
                <![CDATA[test@2]]>
              </value>
            </param>
            <param index="6">
              <value>
                <![CDATA[12345679]]>
              </value>
            </param>
          </params>
          <reporter-output>
          </reporter-output>
        </test-method> <!-- testPostUser -->
        <test-method signature="testPostUser(java.lang.String,java.lang.String,java.lang.String,java.lang.String,java.lang.String,java.lang.String,java.lang.String)[pri:1, instance:api.testCases.TC_02_DDTests@d771cc9]" started-at="2024-06-08T17:47:16 IST" name="testPostUser" data-provider="data" finished-at="2024-06-08T17:47:17 IST" duration-ms="1278" status="PASS">
          <params>
            <param index="0">
              <value>
                <![CDATA[1030]]>
              </value>
            </param>
            <param index="1">
              <value>
                <![CDATA[testuser3]]>
              </value>
            </param>
            <param index="2">
              <value>
                <![CDATA[Smith]]>
              </value>
            </param>
            <param index="3">
              <value>
                <![CDATA[Steve]]>
              </value>
            </param>
            <param index="4">
              <value>
                <![CDATA[ac@gmail.com]]>
              </value>
            </param>
            <param index="5">
              <value>
                <![CDATA[test@3]]>
              </value>
            </param>
            <param index="6">
              <value>
                <![CDATA[12345680]]>
              </value>
            </param>
          </params>
          <reporter-output>
          </reporter-output>
        </test-method> <!-- testPostUser -->
        <test-method signature="testDeleteUSer(java.lang.String)[pri:2, instance:api.testCases.TC_02_DDTests@d771cc9]" started-at="2024-06-08T17:47:18 IST" name="testDeleteUSer" data-provider="usernames" finished-at="2024-06-08T17:47:19 IST" duration-ms="1263" status="PASS">
          <params>
            <param index="0">
              <value>
                <![CDATA[testuser1]]>
              </value>
            </param>
          </params>
          <reporter-output>
          </reporter-output>
        </test-method> <!-- testDeleteUSer -->
        <test-method signature="testDeleteUSer(java.lang.String)[pri:2, instance:api.testCases.TC_02_DDTests@d771cc9]" started-at="2024-06-08T17:47:19 IST" name="testDeleteUSer" data-provider="usernames" finished-at="2024-06-08T17:47:20 IST" duration-ms="1229" status="PASS">
          <params>
            <param index="0">
              <value>
                <![CDATA[testuser2]]>
              </value>
            </param>
          </params>
          <reporter-output>
          </reporter-output>
        </test-method> <!-- testDeleteUSer -->
        <test-method signature="testDeleteUSer(java.lang.String)[pri:2, instance:api.testCases.TC_02_DDTests@d771cc9]" started-at="2024-06-08T17:47:20 IST" name="testDeleteUSer" data-provider="usernames" finished-at="2024-06-08T17:47:21 IST" duration-ms="1237" status="PASS">
          <params>
            <param index="0">
              <value>
                <![CDATA[testuser3]]>
              </value>
            </param>
          </params>
          <reporter-output>
          </reporter-output>
        </test-method> <!-- testDeleteUSer -->
      </class> <!-- api.testCases.TC_02_DDTests -->
    </test> <!-- DDTest -->
  </suite> <!-- Suite -->
</testng-results>
