<?xml version="1.0" encoding="UTF-8"?>
<testsuite xmlns:xsi="http://www.w3.org/2001/XMLSchema-instance" xsi:noNamespaceSchemaLocation="https://maven.apache.org/surefire/maven-surefire-plugin/xsd/surefire-test-report-3.0.xsd" version="3.0" name="TestSuite" time="27.393" tests="10" errors="0" skipped="0" failures="0">
  <properties>
[...]
</properties>
  <testcase name="testPostUser" classname="api.testCases.TC_01_UserTests" time="7.208">
    <system-out><![CDATA[HTTP/1.1 200 OK
Date: Sat, 08 Jun 2024 12:17:04 GMT
Content-Type: application/json
Transfer-Encoding: chunked
Connection: keep-alive
Access-Control-Allow-Origin: *
Access-Control-Allow-Methods: GET, POST, DELETE, PUT
Access-Control-Allow-Headers: Content-Type, api_key, Authorization
Server: Jetty(9.2.9.v20150224)

{
    "code": 200,
    "type": "unknown",
    "message": "1444440224"
}
]]></system-out>
    <system-err><![CDATA[SLF4J: Failed to load class "org.slf4j.impl.StaticLoggerBinder".
SLF4J: Defaulting to no-operation (NOP) logger implementation
SLF4J: See http://www.slf4j.org/codes.html#StaticLoggerBinder for further details.
]]></system-err>
  </testcase>
  <testcase name="testGetUserDetails" classname="api.testCases.TC_01_UserTests" time="1.751">
    <system-out><![CDATA[HTTP/1.1 200 OK
Date: Sat, 08 Jun 2024 12:17:06 GMT
Content-Type: application/json
Transfer-Encoding: chunked
Connection: keep-alive
Access-Control-Allow-Origin: *
Access-Control-Allow-Methods: GET, POST, DELETE, PUT
Access-Control-Allow-Headers: Content-Type, api_key, Authorization
Server: Jetty(9.2.9.v20150224)

{
    "id": 1444440224,
    "username": "ahmed.kertzmann",
    "firstName": "Manuel",
    "lastName": "Walker",
    "email": "teisha.lebsack@example.com",
    "password": "3i41n",
    "phone": "262.349.9163",
    "userStatus": 0
}
]]></system-out>
  </testcase>
  <testcase name="testUpdateUser" classname="api.testCases.TC_01_UserTests" time="1.354">
    <system-out><![CDATA[HTTP/1.1 200 OK
Date: Sat, 08 Jun 2024 12:17:07 GMT
Content-Type: application/json
Transfer-Encoding: chunked
Connection: keep-alive
Access-Control-Allow-Origin: *
Access-Control-Allow-Methods: GET, POST, DELETE, PUT
Access-Control-Allow-Headers: Content-Type, api_key, Authorization
Server: Jetty(9.2.9.v20150224)

{
    "code": 200,
    "type": "unknown",
    "message": "1444440224"
}
]]></system-out>
  </testcase>
  <testcase name="testDeleteUserDetails" classname="api.testCases.TC_01_UserTests" time="1.269">
    <system-out><![CDATA[HTTP/1.1 200 OK
Date: Sat, 08 Jun 2024 12:17:08 GMT
Content-Type: application/json
Transfer-Encoding: chunked
Connection: keep-alive
Access-Control-Allow-Origin: *
Access-Control-Allow-Methods: GET, POST, DELETE, PUT
Access-Control-Allow-Headers: Content-Type, api_key, Authorization
Server: Jetty(9.2.9.v20150224)

{
    "code": 200,
    "type": "unknown",
    "message": "ahmed.kertzmann"
}
]]></system-out>
  </testcase>
  <testcase name="testPostUser[1010, testuser1, John, Candy, a@gmail.com, test@1, 12345678](1)" classname="api.testCases.TC_02_DDTests" time="1.249">
    <system-err><![CDATA[ERROR StatusLogger Log4j2 could not find a logging implementation. Please add log4j-core to the classpath. Using SimpleLogger to log to the console...
]]></system-err>
  </testcase>
  <testcase name="testPostUser[1020, testuser2, Kim, Kom, ab@gmail.com, test@2, 12345679](2)" classname="api.testCases.TC_02_DDTests" time="1.27"/>
  <testcase name="testPostUser[1030, testuser3, Smith, Steve, ac@gmail.com, test@3, 12345680](3)" classname="api.testCases.TC_02_DDTests" time="1.269"/>
  <testcase name="testDeleteUSer[testuser1](1)" classname="api.testCases.TC_02_DDTests" time="1.257"/>
  <testcase name="testDeleteUSer[testuser2](2)" classname="api.testCases.TC_02_DDTests" time="1.235"/>
  <testcase name="testDeleteUSer[testuser3](3)" classname="api.testCases.TC_02_DDTests" time="1.236"/>
</testsuite>