<?xml version="1.0" encoding="UTF-8"?>
<testng-results ignored="0" total="6" passed="6" failed="0" skipped="0">
  <reporter-output>
  </reporter-output>
  <suite started-at="2024-06-08T16:27:07 IST" name="Default suite" finished-at="2024-06-08T16:27:26 IST" duration-ms="19501">
    <groups>
    </groups>
    <test started-at="2024-06-08T16:27:07 IST" name="Default test" finished-at="2024-06-08T16:27:26 IST" duration-ms="19501">
      <class name="api.testCases.TC_02_DDTests">
        <test-method signature="testPostUser(java.lang.String,java.lang.String,java.lang.String,java.lang.String,java.lang.String,java.lang.String,java.lang.String)[pri:1, instance:api.testCases.TC_02_DDTests@1b6e1eff]" started-at="2024-06-08T16:27:14 IST" name="testPostUser" data-provider="data" finished-at="2024-06-08T16:27:20 IST" duration-ms="5824" status="PASS">
          <params>
            <param index="0">
              <value>
                <![CDATA[1010]]>
              </value>
            </param>
            <param index="1">
              <value>
                <![CDATA[testuser1]]>
              </value>
            </param>
            <param index="2">
              <value>
                <![CDATA[John]]>
              </value>
            </param>
            <param index="3">
              <value>
                <![CDATA[Candy]]>
              </value>
            </param>
            <param index="4">
              <value>
                <![CDATA[a@gmail.com]]>
              </value>
            </param>
            <param index="5">
              <value>
                <![CDATA[test@1]]>
              </value>
            </param>
            <param index="6">
              <value>
                <![CDATA[12345678]]>
              </value>
            </param>
          </params>
          <reporter-output>
          </reporter-output>
        </test-method> <!-- testPostUser -->
        <test-method signature="testPostUser(java.lang.String,java.lang.String,java.lang.String,java.lang.String,java.lang.String,java.lang.String,java.lang.String)[pri:1, instance:api.testCases.TC_02_DDTests@1b6e1eff]" started-at="2024-06-08T16:27:20 IST" name="testPostUser" data-provider="data" finished-at="2024-06-08T16:27:21 IST" duration-ms="1331" status="PASS">
          <params>
            <param index="0">
              <value>
                <![CDATA[1020]]>
              </value>
            </param>
            <param index="1">
              <value>
                <![CDATA[testuser2]]>
              </value>
            </param>
            <param index="2">
              <value>
                <![CDATA[Kim]]>
              </value>
            </param>
            <param index="3">
              <value>
                <![CDATA[Kom]]>
              </value>
            </param>
            <param index="4">
              <value>
                <![CDATA[ab@gmail.com]]>
              </value>
            </param>
            <param index="5">
              <value>
                <![CDATA[test@2]]>
              </value>
            </param>
            <param index="6">
              <value>
                <![CDATA[12345679]]>
              </value>
            </param>
          </params>
          <reporter-output>
          </reporter-output>
        </test-method> <!-- testPostUser -->
        <test-method signature="testPostUser(java.lang.String,java.lang.String,java.lang.String,java.lang.String,java.lang.String,java.lang.String,java.lang.String)[pri:1, instance:api.testCases.TC_02_DDTests@1b6e1eff]" started-at="2024-06-08T16:27:21 IST" name="testPostUser" data-provider="data" finished-at="2024-06-08T16:27:22 IST" duration-ms="1258" status="PASS">
          <params>
            <param index="0">
              <value>
                <![CDATA[1030]]>
              </value>
            </param>
            <param index="1">
              <value>
                <![CDATA[testuser3]]>
              </value>
            </param>
            <param index="2">
              <value>
                <![CDATA[Smith]]>
              </value>
            </param>
            <param index="3">
              <value>
                <![CDATA[Steve]]>
              </value>
            </param>
            <param index="4">
              <value>
                <![CDATA[ac@gmail.com]]>
              </value>
            </param>
            <param index="5">
              <value>
                <![CDATA[test@3]]>
              </value>
            </param>
            <param index="6">
              <value>
                <![CDATA[12345680]]>
              </value>
            </param>
          </params>
          <reporter-output>
          </reporter-output>
        </test-method> <!-- testPostUser -->
        <test-method signature="testDeleteUSer(java.lang.String)[pri:2, instance:api.testCases.TC_02_DDTests@1b6e1eff]" started-at="2024-06-08T16:27:22 IST" name="testDeleteUSer" data-provider="usernames" finished-at="2024-06-08T16:27:24 IST" duration-ms="1249" status="PASS">
          <params>
            <param index="0">
              <value>
                <![CDATA[testuser1]]>
              </value>
            </param>
          </params>
          <reporter-output>
          </reporter-output>
        </test-method> <!-- testDeleteUSer -->
        <test-method signature="testDeleteUSer(java.lang.String)[pri:2, instance:api.testCases.TC_02_DDTests@1b6e1eff]" started-at="2024-06-08T16:27:24 IST" name="testDeleteUSer" data-provider="usernames" finished-at="2024-06-08T16:27:25 IST" duration-ms="1238" status="PASS">
          <params>
            <param index="0">
              <value>
                <![CDATA[testuser2]]>
              </value>
            </param>
          </params>
          <reporter-output>
          </reporter-output>
        </test-method> <!-- testDeleteUSer -->
        <test-method signature="testDeleteUSer(java.lang.String)[pri:2, instance:api.testCases.TC_02_DDTests@1b6e1eff]" started-at="2024-06-08T16:27:25 IST" name="testDeleteUSer" data-provider="usernames" finished-at="2024-06-08T16:27:26 IST" duration-ms="1234" status="PASS">
          <params>
            <param index="0">
              <value>
                <![CDATA[testuser3]]>
              </value>
            </param>
          </params>
          <reporter-output>
          </reporter-output>
        </test-method> <!-- testDeleteUSer -->
      </class> <!-- api.testCases.TC_02_DDTests -->
    </test> <!-- Default test -->
  </suite> <!-- Default suite -->
</testng-results>
