<?xml version="1.0" encoding="UTF-8"?>
<testng-results ignored="0" total="3" passed="3" failed="0" skipped="0">
  <reporter-output>
  </reporter-output>
  <suite started-at="2024-05-27T16:36:45 IST" name="Default suite" finished-at="2024-05-27T16:37:10 IST" duration-ms="24834">
    <groups>
    </groups>
    <test started-at="2024-05-27T16:36:45 IST" name="Default test" finished-at="2024-05-27T16:37:10 IST" duration-ms="24834">
      <class name="com.RestAssured.TestCases.TC_02_Path_QueryParamter">
        <test-method signature="PathQueryParam()[pri:0, instance:com.RestAssured.TestCases.TC_02_Path_QueryParamter@1613674b]" started-at="2024-05-27T16:36:45 IST" name="PathQueryParam" finished-at="2024-05-27T16:37:09 IST" duration-ms="24068" status="PASS">
          <reporter-output>
          </reporter-output>
        </test-method> <!-- PathQueryParam -->
        <test-method signature="headers()[pri:0, instance:com.RestAssured.TestCases.TC_02_Path_QueryParamter@1613674b]" started-at="2024-05-27T16:37:09 IST" name="headers" finished-at="2024-05-27T16:37:10 IST" duration-ms="426" status="PASS">
          <reporter-output>
          </reporter-output>
        </test-method> <!-- headers -->
        <test-method signature="testHeader()[pri:0, instance:com.RestAssured.TestCases.TC_02_Path_QueryParamter@1613674b]" started-at="2024-05-27T16:37:10 IST" name="testHeader" finished-at="2024-05-27T16:37:10 IST" duration-ms="215" status="PASS">
          <reporter-output>
          </reporter-output>
        </test-method> <!-- testHeader -->
      </class> <!-- com.RestAssured.TestCases.TC_02_Path_QueryParamter -->
    </test> <!-- Default test -->
  </suite> <!-- Default suite -->
</testng-results>
